{"uuid":"773c14a3-8cfe-42c8-bf71-9257b703748b","historyId":"283cf88b32fe4e6dc415c76aa2ac895b","fullName":"recipesTest.searchRecipesByIngredients","labels":[{"name":"package","value":"recipesTest"},{"name":"testClass","value":"recipesTest"},{"name":"testMethod","value":"searchRecipesByIngredients"},{"name":"parentSuite","value":"Surefire suite"},{"name":"suite","value":"Surefire test"},{"name":"subSuite","value":"recipesTest"},{"name":"host","value":"FAM006662"},{"name":"thread","value":"22720@FAM006662.TestNG-test=Surefire test-1(34)"},{"name":"framework","value":"testng"},{"name":"language","value":"java"},{"name":"feature","value":"Recipes"}],"links":[],"name":"Test Search Recipes by Ingredients","status":"broken","statusDetails":{"known":false,"muted":false,"flaky":false,"message":"could not access constructor: private java.lang.AssertionError(java.lang.String) with arguments: [1 expectation failed.\nExpected status code <200> but was <404>.\n] reason: java.lang.IllegalAccessException: class org.codehaus.groovy.reflection.CachedConstructor cannot access a member of class java.lang.AssertionError (in module java.base) with modifiers \"private\"","trace":"groovy.lang.GroovyRuntimeException: could not access constructor: private java.lang.AssertionError(java.lang.String) with arguments: [1 expectation failed.\nExpected status code <200> but was <404>.\n] reason: java.lang.IllegalAccessException: class org.codehaus.groovy.reflection.CachedConstructor cannot access a member of class java.lang.AssertionError (in module java.base) with modifiers \"private\"\r\n\tat org.codehaus.groovy.reflection.CachedConstructor.createException(CachedConstructor.java:103)\r\n\tat org.codehaus.groovy.reflection.CachedConstructor.invoke(CachedConstructor.java:89)\r\n\tat org.codehaus.groovy.reflection.CachedConstructor.doConstructorInvoke(CachedConstructor.java:77)\r\n\tat org.codehaus.groovy.runtime.callsite.ConstructorSite$ConstructorSiteNoUnwrap.callConstructor(ConstructorSite.java:84)\r\n\tat org.codehaus.groovy.runtime.callsite.AbstractCallSite.callConstructor(AbstractCallSite.java:250)\r\n\tat io.restassured.internal.ResponseSpecificationImpl$HamcrestAssertionClosure.validate(ResponseSpecificationImpl.groovy:494)\r\n\tat io.restassured.internal.ResponseSpecificationImpl$HamcrestAssertionClosure$validate$1.call(Unknown Source)\r\n\tat io.restassured.internal.ResponseSpecificationImpl.validateResponseIfRequired(ResponseSpecificationImpl.groovy:656)\r\n\tat java.base/jdk.internal.reflect.DirectMethodHandleAccessor.invoke(DirectMethodHandleAccessor.java:104)\r\n\tat java.base/java.lang.reflect.Method.invoke(Method.java:578)\r\n\tat org.codehaus.groovy.runtime.callsite.PogoMetaMethodSite$PogoCachedMethodSiteNoUnwrapNoCoerce.invoke(PogoMetaMethodSite.java:210)\r\n\tat org.codehaus.groovy.runtime.callsite.PogoMetaMethodSite.callCurrent(PogoMetaMethodSite.java:59)\r\n\tat org.codehaus.groovy.runtime.callsite.AbstractCallSite.callCurrent(AbstractCallSite.java:169)\r\n\tat io.restassured.internal.ResponseSpecificationImpl.statusCode(ResponseSpecificationImpl.groovy:125)\r\n\tat io.restassured.specification.ResponseSpecification$statusCode$0.callCurrent(Unknown Source)\r\n\tat io.restassured.internal.ResponseSpecificationImpl.statusCode(ResponseSpecificationImpl.groovy:133)\r\n\tat io.restassured.internal.ValidatableResponseOptionsImpl.statusCode(ValidatableResponseOptionsImpl.java:119)\r\n\tat recipesTest.searchRecipesByIngredients(recipesTest.java:50)\r\n\tat java.base/jdk.internal.reflect.DirectMethodHandleAccessor.invoke(DirectMethodHandleAccessor.java:104)\r\n\tat java.base/java.lang.reflect.Method.invoke(Method.java:578)\r\n\tat org.testng.internal.MethodInvocationHelper.invokeMethod(MethodInvocationHelper.java:124)\r\n\tat org.testng.internal.Invoker.invokeMethod(Invoker.java:571)\r\n\tat org.testng.internal.Invoker.invokeTestMethod(Invoker.java:707)\r\n\tat org.testng.internal.Invoker.invokeTestMethods(Invoker.java:979)\r\n\tat org.testng.internal.TestMethodWorker.invokeTestMethods(TestMethodWorker.java:125)\r\n\tat org.testng.internal.TestMethodWorker.run(TestMethodWorker.java:109)\r\n\tat java.base/java.util.concurrent.ThreadPoolExecutor.runWorker(ThreadPoolExecutor.java:1144)\r\n\tat java.base/java.util.concurrent.ThreadPoolExecutor$Worker.run(ThreadPoolExecutor.java:642)\r\n\tat java.base/java.lang.Thread.run(Thread.java:1589)\r\n"},"stage":"finished","steps":[],"attachments":[{"name":"Request","source":"ae8d6b4a-39fa-4baa-8f1c-2ff6bb33264f-attachment.html","type":"text/html"},{"name":"Request","source":"18293474-a3b0-4126-80f7-ee02c1b45780-attachment.html","type":"text/html"},{"name":"Request","source":"d2909fb3-122d-4f98-96dc-b6615ab1a871-attachment.html","type":"text/html"},{"name":"HTTP/1.1 404 Not Found","source":"17f1645d-bda4-4486-a5c4-73433523b435-attachment.html","type":"text/html"},{"name":"HTTP/1.1 404 Not Found","source":"660172f5-ec85-4c00-b610-d4a33aad047a-attachment.html","type":"text/html"},{"name":"HTTP/1.1 404 Not Found","source":"a64132f4-6a54-4bc7-8d80-02bc3776e6ff-attachment.html","type":"text/html"}],"parameters":[],"start":1729741098535,"stop":1729741099835}